[2022-08-05 07:57:51] [WARNING]: 群消息发送失败: 信息为空. 
[2022-08-05 10:21:51] [WARNING]: 群消息发送失败: 信息为空. 
[2022-08-05 10:37:11] [WARNING]: 群消息发送失败: 信息为空. 
[2022-08-05 11:45:52] [WARNING]: 群消息发送失败: 信息为空. 
[2022-08-05 11:46:34] [WARNING]: 群消息发送失败: 信息为空. 
[2022-08-05 12:04:23] [WARNING]: 群消息发送失败: 信息为空. 
[2022-08-05 12:05:47] [WARNING]: 群消息发送失败: 信息为空. 
[2022-08-05 12:06:29] [WARNING]: 群消息发送失败: 信息为空. 
[2022-08-05 14:04:53] [WARNING]: 群消息发送失败: 信息为空. 
[2022-08-05 14:12:32] [WARNING]: 群消息发送失败: 信息为空. 
[2022-08-05 14:21:30] [WARNING]: 群消息发送失败: 信息为空. 
[2022-08-05 14:22:38] [WARNING]: 群消息发送失败: 信息为空. 
[2022-08-05 14:39:24] [WARNING]: 群消息发送失败: 信息为空. 
[2022-08-05 14:39:49] [WARNING]: 群消息发送失败: 信息为空. 
[2022-08-05 14:40:26] [WARNING]: 群消息发送失败: 信息为空. 
[2022-08-05 14:40:26] [WARNING]: 群消息发送失败: 信息为空. 
[2022-08-05 14:40:33] [WARNING]: 群消息发送失败: 信息为空. 
[2022-08-05 14:45:02] [WARNING]: 群消息发送失败: 信息为空. 
[2022-08-05 14:45:04] [WARNING]: 群消息发送失败: 信息为空. 
[2022-08-05 14:51:15] [ERROR]: Protocol -> unexpected disconnect: EOF 
[2022-08-05 17:25:55] [WARNING]: 群消息发送失败: 信息为空. 
[2022-08-05 17:26:03] [WARNING]: 群消息发送失败: 信息为空. 
[2022-08-05 17:27:04] [WARNING]: 群消息发送失败: 信息为空. 
[2022-08-05 17:27:11] [WARNING]: 群消息发送失败: 信息为空. 
[2022-08-05 17:29:20] [WARNING]: 群消息发送失败: 信息为空. 
[2022-08-05 17:29:42] [WARNING]: 群消息发送失败: 信息为空. 
[2022-08-05 17:29:43] [WARNING]: 群消息发送失败: 信息为空. 
[2022-08-05 17:33:58] [WARNING]: 群消息发送失败: 信息为空. 
[2022-08-05 17:34:02] [WARNING]: 群消息发送失败: 信息为空. 
[2022-08-05 18:16:40] [WARNING]: Protocol -> device lock is disable. http api may fail. 
[2022-08-05 18:25:30] [WARNING]: 群消息发送失败: 信息为空. 
[2022-08-05 18:25:35] [WARNING]: 群消息发送失败: 信息为空. 
[2022-08-05 18:28:22] [WARNING]: 群消息发送失败: 信息为空. 
[2022-08-05 18:28:37] [WARNING]: 群消息发送失败: 信息为空. 
[2022-08-05 18:28:58] [WARNING]: 群消息发送失败: 信息为空. 
[2022-08-05 18:29:47] [WARNING]: 群消息发送失败: 信息为空. 
[2022-08-05 18:30:45] [WARNING]: 群消息发送失败: 信息为空. 
[2022-08-05 18:36:06] [WARNING]: 群消息发送失败: 信息为空. 
[2022-08-05 18:36:53] [WARNING]: 群消息发送失败: 信息为空. 
[2022-08-05 18:44:21] [WARNING]: 群消息发送失败: 信息为空. 
[2022-08-05 18:44:24] [WARNING]: 群消息发送失败: 信息为空. 
[2022-08-05 18:45:38] [WARNING]: 群消息发送失败: 信息为空. 
[2022-08-05 18:45:48] [WARNING]: 群消息发送失败: 信息为空. 
[2022-08-05 18:46:47] [WARNING]: 群消息发送失败: 信息为空. 
[2022-08-05 18:52:10] [WARNING]: 群消息发送失败: 信息为空. 
[2022-08-05 19:13:22] [WARNING]: 群消息发送失败: 信息为空. 
[2022-08-05 19:14:17] [ERROR]: Protocol -> sendPacket msg error: 120  
[2022-08-05 19:14:21] [WARNING]: 群消息发送失败: 账号可能被风控. 
[2022-08-05 19:14:22] [ERROR]: Protocol -> sendPacket msg error: 120  
[2022-08-05 19:14:27] [WARNING]: 群消息发送失败: 账号可能被风控. 
[2022-08-05 19:14:27] [ERROR]: Protocol -> sendPacket msg error: 120  
[2022-08-05 19:14:32] [WARNING]: 群消息发送失败: 账号可能被风控. 
[2022-08-05 19:14:36] [WARNING]: 群消息发送失败: 信息为空. 
[2022-08-05 19:14:58] [WARNING]: 群消息发送失败: 信息为空. 
[2022-08-05 19:17:44] [WARNING]: 群消息发送失败: 信息为空. 
[2022-08-05 19:18:00] [WARNING]: 群消息发送失败: 信息为空. 
[2022-08-05 19:18:05] [WARNING]: 群消息发送失败: 信息为空. 
[2022-08-05 19:19:00] [WARNING]: 群消息发送失败: 信息为空. 
[2022-08-05 19:19:45] [WARNING]: 群消息发送失败: 信息为空. 
[2022-08-05 19:20:11] [WARNING]: 群消息发送失败: 信息为空. 
[2022-08-05 19:21:57] [WARNING]: 群消息发送失败: 信息为空. 
[2022-08-05 19:22:18] [WARNING]: 群消息发送失败: 信息为空. 
[2022-08-05 19:22:42] [WARNING]: 群消息发送失败: 信息为空. 
[2022-08-05 19:22:45] [WARNING]: 群消息发送失败: 信息为空. 
[2022-08-05 19:24:33] [WARNING]: 群消息发送失败: 信息为空. 
[2022-08-05 20:41:02] [ERROR]: Protocol -> sendPacket msg error: 120  
[2022-08-05 20:41:07] [WARNING]: 群消息发送失败: 账号可能被风控. 
[2022-08-05 20:41:19] [WARNING]: 群消息发送失败: 信息为空. 
[2022-08-05 21:20:29] [WARNING]: 群消息发送失败: 信息为空. 
[2022-08-05 21:20:58] [WARNING]: 群消息发送失败: 信息为空. 
[2022-08-05 21:21:01] [WARNING]: 群消息发送失败: 信息为空. 
[2022-08-05 21:21:22] [WARNING]: 群消息发送失败: 信息为空. 
[2022-08-05 21:21:32] [WARNING]: 群消息发送失败: 信息为空. 
[2022-08-05 21:21:57] [WARNING]: 群消息发送失败: 信息为空. 
[2022-08-05 21:22:11] [WARNING]: 群消息发送失败: 信息为空. 
[2022-08-05 21:56:39] [WARNING]: 群消息发送失败: 信息为空. 
[2022-08-05 22:00:19] [WARNING]: 群消息发送失败: 信息为空. 
[2022-08-05 22:01:37] [WARNING]: 群消息发送失败: 信息为空. 
[2022-08-05 22:01:38] [WARNING]: 群消息发送失败: 信息为空. 
[2022-08-05 22:01:50] [WARNING]: 群消息发送失败: 信息为空. 
[2022-08-05 22:02:24] [WARNING]: 群消息发送失败: 信息为空. 
[2022-08-05 22:02:32] [WARNING]: 群消息发送失败: 信息为空. 
[2022-08-05 22:02:42] [WARNING]: 群消息发送失败: 信息为空. 
[2022-08-05 22:05:39] [ERROR]: Protocol -> sendPacket msg error: 120  
[2022-08-05 22:05:44] [WARNING]: 群消息发送失败: 账号可能被风控. 
[2022-08-05 22:05:46] [WARNING]: 群消息发送失败: 信息为空. 
[2022-08-05 22:33:03] [ERROR]: Protocol -> sendPacket msg error: 120  
[2022-08-05 22:33:08] [WARNING]: 群消息发送失败: 账号可能被风控. 
[2022-08-05 22:33:08] [WARNING]: 群消息发送失败: 信息为空. 
[2022-08-05 22:37:16] [WARNING]: 群消息发送失败: 信息为空. 
[2022-08-05 23:02:03] [WARNING]: 群消息发送失败: 信息为空. 
